<?xml version="1.0" encoding="UTF-8"?>
<coverage generated="1651234160921" clover="3.2.0">
  <project timestamp="1651234160921" name="All files">
    <metrics statements="8" coveredstatements="7" conditionals="6" coveredconditionals="4" methods="4" coveredmethods="4" elements="18" coveredelements="15" complexity="0" loc="8" ncloc="8" packages="1" files="1" classes="1"/>
    <file name="validation.js" path="C:\Users\Tyson\Documents\GitHub\Community-work-App\Back_end\utils\validation.js">
      <metrics statements="8" coveredstatements="7" conditionals="6" coveredconditionals="4" methods="4" coveredmethods="4"/>
      <line num="4" count="1" type="cond" truecount="3" falsecount="1"/>
      <line num="5" count="0" type="stmt"/>
      <line num="7" count="1" type="stmt"/>
      <line num="13" count="1" type="cond" truecount="1" falsecount="1"/>
      <line num="14" count="1" type="stmt"/>
      <line num="18" count="1" type="stmt"/>
      <line num="22" count="1" type="stmt"/>
      <line num="23" count="1" type="stmt"/>
    </file>
  </project>
</coverage>
